{"/Users/simongattner/Documents/projects/js.node.image.preview/lib/Blurry.spec.js":{"path":"/Users/simongattner/Documents/projects/js.node.image.preview/lib/Blurry.spec.js","s":{"1":1,"2":1,"3":1,"4":1,"5":1,"6":1,"7":1,"8":1,"9":1,"10":1,"11":1,"12":1,"13":1,"14":1,"15":1,"16":1,"17":1,"18":1,"19":1,"20":1,"21":1,"22":1,"23":1,"24":1,"25":1,"26":1,"27":1},"b":{},"f":{"1":1,"2":1,"3":1,"4":1,"5":1,"6":1,"7":1},"fnMap":{"1":{"name":"(anonymous_1)","line":4,"loc":{"start":{"line":4,"column":36},"end":{"line":4,"column":47}}},"2":{"name":"(anonymous_2)","line":5,"loc":{"start":{"line":5,"column":36},"end":{"line":5,"column":47}}},"3":{"name":"(anonymous_3)","line":14,"loc":{"start":{"line":14,"column":36},"end":{"line":14,"column":47}}},"4":{"name":"(anonymous_4)","line":23,"loc":{"start":{"line":23,"column":34},"end":{"line":23,"column":45}}},"5":{"name":"(anonymous_5)","line":36,"loc":{"start":{"line":36,"column":34},"end":{"line":36,"column":45}}},"6":{"name":"(anonymous_6)","line":53,"loc":{"start":{"line":53,"column":34},"end":{"line":53,"column":45}}},"7":{"name":"(anonymous_7)","line":66,"loc":{"start":{"line":66,"column":34},"end":{"line":66,"column":45}}}},"statementMap":{"1":{"start":{"line":1,"column":0},"end":{"line":1,"column":29}},"2":{"start":{"line":2,"column":0},"end":{"line":2,"column":38}},"3":{"start":{"line":4,"column":0},"end":{"line":82,"column":3}},"4":{"start":{"line":5,"column":2},"end":{"line":12,"column":5}},"5":{"start":{"line":6,"column":4},"end":{"line":6,"column":64}},"6":{"start":{"line":7,"column":4},"end":{"line":7,"column":32}},"7":{"start":{"line":8,"column":4},"end":{"line":11,"column":10}},"8":{"start":{"line":14,"column":2},"end":{"line":21,"column":5}},"9":{"start":{"line":15,"column":4},"end":{"line":15,"column":64}},"10":{"start":{"line":16,"column":4},"end":{"line":16,"column":32}},"11":{"start":{"line":17,"column":4},"end":{"line":20,"column":10}},"12":{"start":{"line":23,"column":2},"end":{"line":34,"column":5}},"13":{"start":{"line":24,"column":4},"end":{"line":24,"column":64}},"14":{"start":{"line":25,"column":4},"end":{"line":27,"column":7}},"15":{"start":{"line":28,"column":4},"end":{"line":33,"column":10}},"16":{"start":{"line":36,"column":2},"end":{"line":51,"column":5}},"17":{"start":{"line":37,"column":4},"end":{"line":37,"column":64}},"18":{"start":{"line":38,"column":4},"end":{"line":44,"column":7}},"19":{"start":{"line":45,"column":4},"end":{"line":50,"column":10}},"20":{"start":{"line":53,"column":2},"end":{"line":64,"column":5}},"21":{"start":{"line":54,"column":4},"end":{"line":54,"column":64}},"22":{"start":{"line":55,"column":4},"end":{"line":57,"column":7}},"23":{"start":{"line":58,"column":4},"end":{"line":63,"column":10}},"24":{"start":{"line":66,"column":2},"end":{"line":81,"column":5}},"25":{"start":{"line":67,"column":4},"end":{"line":67,"column":64}},"26":{"start":{"line":68,"column":4},"end":{"line":74,"column":7}},"27":{"start":{"line":75,"column":4},"end":{"line":80,"column":10}}},"branchMap":{}},"/Users/simongattner/Documents/projects/js.node.image.preview/index.js":{"path":"/Users/simongattner/Documents/projects/js.node.image.preview/index.js","s":{"1":1},"b":{},"f":{},"fnMap":{},"statementMap":{"1":{"start":{"line":7,"column":0},"end":{"line":7,"column":34}}},"branchMap":{}},"/Users/simongattner/Documents/projects/js.node.image.preview/lib/index.js":{"path":"/Users/simongattner/Documents/projects/js.node.image.preview/lib/index.js","s":{"1":1},"b":{},"f":{},"fnMap":{},"statementMap":{"1":{"start":{"line":7,"column":0},"end":{"line":7,"column":37}}},"branchMap":{}},"/Users/simongattner/Documents/projects/js.node.image.preview/lib/Blurry.js":{"path":"/Users/simongattner/Documents/projects/js.node.image.preview/lib/Blurry.js","s":{"1":1,"2":1,"3":1,"4":6,"5":6,"6":6,"7":6,"8":6,"9":6,"10":6,"11":6,"12":6,"13":6,"14":6,"15":6,"16":4,"17":0,"18":6,"19":6,"20":4,"21":0,"22":6,"23":6,"24":2,"25":4,"26":0,"27":6,"28":6,"29":4,"30":0,"31":6,"32":6,"33":4,"34":0,"35":3,"36":3,"37":2,"38":0,"39":3},"b":{"1":[6,2],"2":[6,4],"3":[6,4],"4":[6,4],"5":[4,2],"6":[4,2],"7":[2,4],"8":[4,2],"9":[6,6],"10":[4,2],"11":[2,1]},"f":{"1":6,"2":6,"3":6,"4":6,"5":6,"6":6,"7":3,"8":3},"fnMap":{"1":{"name":"(anonymous_1)","line":21,"loc":{"start":{"line":21,"column":13},"end":{"line":21,"column":23}}},"2":{"name":"(anonymous_2)","line":38,"loc":{"start":{"line":38,"column":16},"end":{"line":38,"column":19}}},"3":{"name":"(anonymous_3)","line":52,"loc":{"start":{"line":52,"column":19},"end":{"line":52,"column":22}}},"4":{"name":"(anonymous_4)","line":67,"loc":{"start":{"line":67,"column":14},"end":{"line":67,"column":17}}},"5":{"name":"(anonymous_5)","line":83,"loc":{"start":{"line":83,"column":15},"end":{"line":83,"column":18}}},"6":{"name":"(anonymous_6)","line":101,"loc":{"start":{"line":101,"column":18},"end":{"line":101,"column":21}}},"7":{"name":"(anonymous_7)","line":116,"loc":{"start":{"line":116,"column":8},"end":{"line":116,"column":11}}},"8":{"name":"(anonymous_8)","line":130,"loc":{"start":{"line":130,"column":8},"end":{"line":130,"column":11}}}},"statementMap":{"1":{"start":{"line":7,"column":0},"end":{"line":7,"column":25}},"2":{"start":{"line":8,"column":0},"end":{"line":8,"column":29}},"3":{"start":{"line":10,"column":0},"end":{"line":133,"column":2}},"4":{"start":{"line":22,"column":4},"end":{"line":22,"column":33}},"5":{"start":{"line":23,"column":4},"end":{"line":23,"column":34}},"6":{"start":{"line":24,"column":4},"end":{"line":24,"column":44}},"7":{"start":{"line":25,"column":4},"end":{"line":25,"column":44}},"8":{"start":{"line":26,"column":4},"end":{"line":26,"column":45}},"9":{"start":{"line":27,"column":4},"end":{"line":27,"column":44}},"10":{"start":{"line":28,"column":4},"end":{"line":28,"column":50}},"11":{"start":{"line":29,"column":4},"end":{"line":29,"column":40}},"12":{"start":{"line":30,"column":4},"end":{"line":30,"column":36}},"13":{"start":{"line":31,"column":4},"end":{"line":31,"column":48}},"14":{"start":{"line":39,"column":4},"end":{"line":45,"column":5}},"15":{"start":{"line":40,"column":6},"end":{"line":42,"column":7}},"16":{"start":{"line":41,"column":8},"end":{"line":41,"column":52}},"17":{"start":{"line":44,"column":6},"end":{"line":44,"column":23}},"18":{"start":{"line":53,"column":4},"end":{"line":60,"column":5}},"19":{"start":{"line":54,"column":6},"end":{"line":57,"column":7}},"20":{"start":{"line":55,"column":8},"end":{"line":56,"column":39}},"21":{"start":{"line":59,"column":6},"end":{"line":59,"column":23}},"22":{"start":{"line":68,"column":4},"end":{"line":76,"column":5}},"23":{"start":{"line":69,"column":6},"end":{"line":73,"column":7}},"24":{"start":{"line":70,"column":8},"end":{"line":70,"column":54}},"25":{"start":{"line":72,"column":8},"end":{"line":72,"column":68}},"26":{"start":{"line":75,"column":6},"end":{"line":75,"column":23}},"27":{"start":{"line":84,"column":4},"end":{"line":94,"column":5}},"28":{"start":{"line":85,"column":6},"end":{"line":91,"column":7}},"29":{"start":{"line":86,"column":8},"end":{"line":90,"column":60}},"30":{"start":{"line":93,"column":6},"end":{"line":93,"column":23}},"31":{"start":{"line":102,"column":4},"end":{"line":109,"column":5}},"32":{"start":{"line":103,"column":6},"end":{"line":106,"column":7}},"33":{"start":{"line":104,"column":8},"end":{"line":105,"column":50}},"34":{"start":{"line":108,"column":6},"end":{"line":108,"column":23}},"35":{"start":{"line":117,"column":4},"end":{"line":123,"column":5}},"36":{"start":{"line":118,"column":6},"end":{"line":120,"column":7}},"37":{"start":{"line":119,"column":8},"end":{"line":119,"column":33}},"38":{"start":{"line":122,"column":6},"end":{"line":122,"column":23}},"39":{"start":{"line":131,"column":4},"end":{"line":131,"column":20}}},"branchMap":{"1":{"line":22,"type":"binary-expr","locations":[{"start":{"line":22,"column":19},"end":{"line":22,"column":26}},{"start":{"line":22,"column":30},"end":{"line":22,"column":32}}]},"2":{"line":24,"type":"binary-expr","locations":[{"start":{"line":24,"column":16},"end":{"line":24,"column":33}},{"start":{"line":24,"column":37},"end":{"line":24,"column":43}}]},"3":{"line":25,"type":"binary-expr","locations":[{"start":{"line":25,"column":17},"end":{"line":25,"column":35}},{"start":{"line":25,"column":39},"end":{"line":25,"column":43}}]},"4":{"line":26,"type":"binary-expr","locations":[{"start":{"line":26,"column":18},"end":{"line":26,"column":37}},{"start":{"line":26,"column":41},"end":{"line":26,"column":44}}]},"5":{"line":40,"type":"if","locations":[{"start":{"line":40,"column":6},"end":{"line":40,"column":6}},{"start":{"line":40,"column":6},"end":{"line":40,"column":6}}]},"6":{"line":54,"type":"if","locations":[{"start":{"line":54,"column":6},"end":{"line":54,"column":6}},{"start":{"line":54,"column":6},"end":{"line":54,"column":6}}]},"7":{"line":69,"type":"if","locations":[{"start":{"line":69,"column":6},"end":{"line":69,"column":6}},{"start":{"line":69,"column":6},"end":{"line":69,"column":6}}]},"8":{"line":85,"type":"if","locations":[{"start":{"line":85,"column":6},"end":{"line":85,"column":6}},{"start":{"line":85,"column":6},"end":{"line":85,"column":6}}]},"9":{"line":85,"type":"binary-expr","locations":[{"start":{"line":85,"column":10},"end":{"line":85,"column":37}},{"start":{"line":85,"column":41},"end":{"line":85,"column":73}}]},"10":{"line":103,"type":"if","locations":[{"start":{"line":103,"column":6},"end":{"line":103,"column":6}},{"start":{"line":103,"column":6},"end":{"line":103,"column":6}}]},"11":{"line":118,"type":"if","locations":[{"start":{"line":118,"column":6},"end":{"line":118,"column":6}},{"start":{"line":118,"column":6},"end":{"line":118,"column":6}}]}}}}