TN:
SF:/Users/simongattner/Documents/projects/js.node.image.preview/lib/Blurry.spec.js
FN:4,(anonymous_1)
FN:5,(anonymous_2)
FN:14,(anonymous_3)
FN:23,(anonymous_4)
FN:36,(anonymous_5)
FN:53,(anonymous_6)
FN:66,(anonymous_7)
FNF:7
FNH:7
FNDA:1,(anonymous_1)
FNDA:1,(anonymous_2)
FNDA:1,(anonymous_3)
FNDA:1,(anonymous_4)
FNDA:1,(anonymous_5)
FNDA:1,(anonymous_6)
FNDA:1,(anonymous_7)
DA:1,1
DA:2,1
DA:4,1
DA:5,1
DA:6,1
DA:7,1
DA:8,1
DA:14,1
DA:15,1
DA:16,1
DA:17,1
DA:23,1
DA:24,1
DA:25,1
DA:28,1
DA:36,1
DA:37,1
DA:38,1
DA:45,1
DA:53,1
DA:54,1
DA:55,1
DA:58,1
DA:66,1
DA:67,1
DA:68,1
DA:75,1
LF:27
LH:27
BRF:0
BRH:0
end_of_record
TN:
SF:/Users/simongattner/Documents/projects/js.node.image.preview/index.js
FNF:0
FNH:0
DA:7,1
LF:1
LH:1
BRF:0
BRH:0
end_of_record
TN:
SF:/Users/simongattner/Documents/projects/js.node.image.preview/lib/index.js
FNF:0
FNH:0
DA:7,1
LF:1
LH:1
BRF:0
BRH:0
end_of_record
TN:
SF:/Users/simongattner/Documents/projects/js.node.image.preview/lib/Blurry.js
FN:21,(anonymous_1)
FN:38,(anonymous_2)
FN:52,(anonymous_3)
FN:67,(anonymous_4)
FN:83,(anonymous_5)
FN:101,(anonymous_6)
FN:116,(anonymous_7)
FN:130,(anonymous_8)
FNF:8
FNH:8
FNDA:6,(anonymous_1)
FNDA:6,(anonymous_2)
FNDA:6,(anonymous_3)
FNDA:6,(anonymous_4)
FNDA:6,(anonymous_5)
FNDA:6,(anonymous_6)
FNDA:3,(anonymous_7)
FNDA:3,(anonymous_8)
DA:7,1
DA:8,1
DA:10,1
DA:22,6
DA:23,6
DA:24,6
DA:25,6
DA:26,6
DA:27,6
DA:28,6
DA:29,6
DA:30,6
DA:31,6
DA:39,6
DA:40,6
DA:41,4
DA:44,0
DA:53,6
DA:54,6
DA:55,4
DA:59,0
DA:68,6
DA:69,6
DA:70,2
DA:72,4
DA:75,0
DA:84,6
DA:85,6
DA:86,4
DA:93,0
DA:102,6
DA:103,6
DA:104,4
DA:108,0
DA:117,3
DA:118,3
DA:119,2
DA:122,0
DA:131,3
LF:39
LH:33
BRDA:22,1,0,6
BRDA:22,1,1,2
BRDA:24,2,0,6
BRDA:24,2,1,4
BRDA:25,3,0,6
BRDA:25,3,1,4
BRDA:26,4,0,6
BRDA:26,4,1,4
BRDA:40,5,0,4
BRDA:40,5,1,2
BRDA:54,6,0,4
BRDA:54,6,1,2
BRDA:69,7,0,2
BRDA:69,7,1,4
BRDA:85,8,0,4
BRDA:85,8,1,2
BRDA:85,9,0,6
BRDA:85,9,1,6
BRDA:103,10,0,4
BRDA:103,10,1,2
BRDA:118,11,0,2
BRDA:118,11,1,1
BRF:22
BRH:22
end_of_record
